2026-06-19 17:28:23,702 [INFO] V3 Monitor started. Interval: 30 seconds.
2026-06-19 17:28:23,804 [INFO] SECONDARY is ONLINE.
2026-06-19 17:28:53,865 [INFO] SECONDARY is ONLINE.
2026-06-19 17:29:23,912 [INFO] SECONDARY is ONLINE.
2026-06-19 17:29:58,054 [WARNING] SECONDARY OFFLINE at 2026-06-19 17:29:58.054433
2026-06-19 17:29:58,086 [INFO] OutageLog: SECONDARY -> offline
2026-06-19 17:29:58,132 [INFO] Captured 0 rows into SyncRecordsStatus.
2026-06-19 17:30:32,310 [INFO] Captured 50 rows into SyncRecordsStatus.
2026-06-19 17:31:06,546 [INFO] Captured 50 rows into SyncRecordsStatus.
2026-06-19 17:31:40,707 [INFO] Captured 50 rows into SyncRecordsStatus.
2026-06-19 17:32:14,920 [INFO] Captured 50 rows into SyncRecordsStatus.
2026-06-19 17:32:49,096 [INFO] Captured 50 rows into SyncRecordsStatus.
2026-06-19 17:33:23,276 [INFO] Captured 0 rows into SyncRecordsStatus.
2026-06-19 17:33:53,340 [INFO] SECONDARY back ONLINE.
2026-06-19 17:33:53,378 [INFO] OutageLog: SECONDARY -> online
2026-06-19 17:33:53,751 [INFO] Synced 250 rows to remote.
2026-06-19 17:33:53,751 [INFO] Recovery sync complete: 250 rows synced.
2026-06-19 17:34:23,841 [INFO] SECONDARY is ONLINE.
2026-06-19 17:34:53,926 [INFO] SECONDARY is ONLINE.
2026-06-19 17:35:24,034 [INFO] SECONDARY is ONLINE.
2026-06-19 17:35:54,123 [INFO] SECONDARY is ONLINE.
2026-06-19 17:36:24,228 [INFO] SECONDARY is ONLINE.
2026-06-19 17:36:54,320 [INFO] SECONDARY is ONLINE.
2026-06-19 17:37:24,368 [INFO] SECONDARY is ONLINE.
2026-06-19 17:37:54,455 [INFO] SECONDARY is ONLINE.
2026-06-19 17:38:24,552 [INFO] SECONDARY is ONLINE.
2026-06-19 17:38:54,639 [INFO] SECONDARY is ONLINE.
2026-06-19 17:48:22,414 [INFO] V3 Monitor started. Interval: 30 seconds.
2026-06-19 17:48:22,527 [INFO] SECONDARY is ONLINE.
2026-06-19 17:48:56,680 [WARNING] SECONDARY OFFLINE at 2026-06-19 17:48:56.680642
2026-06-19 17:48:56,751 [INFO] OutageLog: SECONDARY -> offline
2026-06-19 17:48:56,776 [INFO] Captured 0 rows into SyncRecordsStatus.
2026-06-19 17:49:31,020 [INFO] Captured 50 rows into SyncRecordsStatus.
2026-06-19 17:50:05,197 [INFO] Captured 50 rows into SyncRecordsStatus.
